13/11/16 12:35:45 PM | error loadView general | products | response 400
13/11/16 12:36:47 PM | error loadView general | products | response 400
13/11/16 12:37:49 PM | error loadView general | products | response 400
13/11/16 12:38:11 PM | error loadView general | products | response 400
13/11/16 12:39:32 PM | error loadView general | products | response 400
13/11/16 12:41:16 PM | error loadView general | products | response 400
13/11/16 12:42:04 PM | error loadView general | products | response 400
13/11/16 12:43:30 PM | error loadView general | products | response 400
13/11/16 01:01:02 PM | error loadView general | products | response 400
13/11/16 01:01:22 PM | error loadView general | products | response 400
13/11/16 01:05:30 PM | error loadView general | products | response 400
13/11/16 01:11:15 PM | error loadView general | products | response 400
13/11/16 01:18:53 PM | error loadView general | products | response 400
13/11/16 04:10:16 PM | error loadView general | products | response 400
13/11/16 04:11:30 PM | error loadView general | products | response 400
13/11/16 04:11:35 PM | error loadView general | products | response 400
13/11/16 04:11:39 PM | error loadView general | products | response 400
13/11/16 04:15:55 PM | error loadView general | products | response 400
13/11/16 04:34:23 PM | error loadView general | products | response 400
13/11/16 04:34:39 PM | error loadView general | products | response 503
13/11/16 04:35:15 PM | error loadView general | products | response 503
13/11/16 04:35:56 PM | error loadView general | products | response 503
13/11/16 04:37:13 PM | error loadView general | products | response 400
13/11/16 04:37:31 PM | error loadView general | products | response 503
13/11/16 04:42:57 PM | error loadView general | products | response 400
13/11/16 04:44:38 PM | error loadView general | products | response 503
13/11/16 04:55:03 PM | error loadView general | products | response 400
13/11/16 04:56:07 PM | error loadView general | products | response 503
13/11/16 04:57:21 PM | error loadView general | products | response 400
13/11/16 04:57:48 PM | error loadView general | products | response 503
13/11/16 07:37:44 PM | error loadView general | products | response 400
13/11/16 09:34:33 PM | error loadView general | products | response 400
13/11/16 10:07:49 PM | ERROR - 503 BD |  | response 200
13/11/16 10:07:49 PM | ERROR - 503 BD |  | response 200
13/11/16 10:08:15 PM | ERROR - 503 BD |  | response 200
13/11/16 10:08:15 PM | ERROR - 503 BD |  | response 200
13/11/16 10:09:42 PM | ERROR - 503 BD |  | response 200
13/11/16 10:09:42 PM | ERROR - 503 BD |  | response 200
13/11/16 11:02:20 PM | ERROR - 503 BD |  | response 200
13/11/16 11:02:20 PM | ERROR - 503 BD |  | response 200
13/11/16 11:06:23 PM | ERROR - 503 BD |  | response 200
13/11/16 11:06:23 PM | ERROR - 503 BD |  | response 200
13/11/16 11:07:47 PM | ERROR - 503 BD |  | response 200
13/11/16 11:07:47 PM | ERROR - 503 BD |  | response 200
13/11/16 11:09:07 PM | ERROR - 503 BD |  | response 200
13/11/16 11:09:07 PM | ERROR - 503 BD |  | response 200
14/11/16 09:36:05 AM | error loadView general | products | response 400
14/11/16 04:49:04 PM | ERROR - 503 BD |  | response 200
14/11/16 04:49:04 PM | ERROR - 503 BD |  | response 200
14/11/16 04:50:54 PM | ERROR - 503 BD |  | response 200
14/11/16 04:50:54 PM | ERROR - 503 BD |  | response 200
14/11/16 04:50:57 PM | ERROR - 503 BD |  | response 200
14/11/16 04:50:57 PM | ERROR - 503 BD |  | response 200
14/11/16 04:51:32 PM | ERROR - 503 BD |  | response 200
14/11/16 04:51:43 PM | ERROR - 503 BD |  | response 200
14/11/16 04:51:43 PM | ERROR - 503 BD |  | response 200
14/11/16 04:52:12 PM | ERROR - 503 BD |  | response 200
14/11/16 04:52:12 PM | ERROR - 503 BD |  | response 200
14/11/16 04:52:29 PM | ERROR - 503 BD |  | response 200
14/11/16 04:52:29 PM | ERROR - 503 BD |  | response 200
14/11/16 04:52:46 PM | ERROR - 503 BD |  | response 200
14/11/16 04:52:46 PM | ERROR - 503 BD |  | response 200
14/11/16 04:59:23 PM | error paint_template_error | products | response200
14/11/16 04:59:23 PM | error paint_template_search | products | response 200
14/11/16 05:02:54 PM | error paint_template_error | products | response200
14/11/16 05:02:54 PM | error paint_template_search | products | response 200
14/11/16 05:03:17 PM | error paint_template_error | products | response200
14/11/16 05:03:17 PM | error paint_template_search | products | response 200
14/11/16 05:09:37 PM | error paint_template_error | products | response200
14/11/16 05:09:37 PM | error paint_template_search | products | response 200
14/11/16 05:10:23 PM | error paint_template_error | products | response200
14/11/16 05:10:23 PM | error paint_template_search | products | response 200
14/11/16 08:25:17 PM | error paint_template_error | products | response200
14/11/16 08:25:17 PM | error paint_template_search | products | response 200
14/11/16 08:30:40 PM | error paint_template_error | products | response200
14/11/16 08:30:40 PM | error paint_template_search | products | response 200
14/11/16 08:31:06 PM | error paint_template_error | products | response200
14/11/16 08:31:06 PM | error paint_template_search | products | response 200
14/11/16 08:33:09 PM | error paint_template_search | products | response 200
14/11/16 08:33:09 PM | error paint_template_error | products | response200
14/11/16 08:34:33 PM | error paint_template_error | products | response200
14/11/16 08:34:59 PM | error paint_template_error | products | response200
14/11/16 08:34:59 PM | error paint_template_search | products | response 200
14/11/16 08:35:09 PM | error paint_template_error | products | response200
14/11/16 08:35:09 PM | error paint_template_search | products | response 200
14/11/16 08:36:17 PM | error paint_template_error | products | response200
14/11/16 08:36:17 PM | error paint_template_search | products | response 200
14/11/16 08:37:18 PM | error paint_template_search | products | response 200
14/11/16 08:37:18 PM | error paint_template_error | products | response200
14/11/16 08:47:31 PM | error paint_template_error | products | response200
14/11/16 08:47:31 PM | error paint_template_search | products | response 200
14/11/16 08:48:08 PM | error paint_template_error | products | response200
14/11/16 08:48:08 PM | error paint_template_search | products | response 200
14/11/16 08:48:37 PM | error paint_template_error | products | response200
14/11/16 08:48:37 PM | error paint_template_search | products | response 200
14/11/16 08:48:40 PM | error paint_template_error | products | response200
14/11/16 08:48:40 PM | error paint_template_search | products | response 200
14/11/16 08:49:06 PM | error paint_template_error | products | response200
14/11/16 08:49:06 PM | error paint_template_search | products | response 200
14/11/16 09:08:33 PM | error loadView general | products | response 400
14/11/16 09:14:27 PM | error loadView general | products | response 400
14/11/16 09:18:47 PM | error loadView general | products | response 400
14/11/16 09:36:03 PM | error loadView general | products | response 400
14/11/16 09:39:00 PM | error loadView general | products | response 400
14/11/16 09:39:05 PM | error loadView general | products | response 400
14/11/16 09:39:07 PM | error loadView general | products | response 400
14/11/16 09:41:54 PM | error loadView general | products | response 400
14/11/16 09:42:29 PM | error loadView general | products | response 400
14/11/16 09:43:28 PM | error loadView general | products | response 400
14/11/16 09:43:31 PM | error loadView general | products | response 400
14/11/16 09:53:09 PM | error loadView general | products | response 400
16/11/16 03:56:29 PM | error loadView general | products | response 400
